#
# A fatal error has been detected by the Java Runtime Environment:
#
#  EXCEPTION_ACCESS_VIOLATION (0xc0000005) at pc=0x00007ff81b76dc88, pid=1684, tid=18104
#
# JRE version: OpenJDK Runtime Environment Temurin-17.0.8.1+1 (17.0.8.1+1) (build 17.0.8.1+1)
# Java VM: OpenJDK 64-Bit Server VM Temurin-17.0.8.1+1 (17.0.8.1+1, mixed mode, emulated-client, tiered, compressed oops, compressed class ptrs, g1 gc, windows-amd64)
# Problematic frame:
# V  [jvm.dll+0x30dc88]
#
# No core dump will be written. Minidumps are not enabled by default on client versions of Windows
#
# If you would like to submit a bug report, please visit:
#   https://github.com/adoptium/adoptium-support/issues
#

---------------  S U M M A R Y ------------

Command Line: -Dcom.sun.management.jmxremote -Dcom.sun.management.jmxremote.port=61939 -Dcom.sun.management.jmxremote.authenticate=false -Dcom.sun.management.jmxremote.ssl=false -Djava.rmi.server.hostname=localhost -Dspring.jmx.enabled=true -Dmanagement.endpoints.jmx.exposure.include=* -Dspring.application.admin.enabled=true -XX:TieredStopAtLevel=1 -Dspring.boot.project.name=Miniproject1 -Dfile.encoding=UTF-8 -Dstdout.encoding=UTF-8 -Dstderr.encoding=UTF-8 -XX:+ShowCodeDetailsInExceptionMessages com.Ashokit.Miniproject1Application --spring.output.ansi.enabled=always

Host: Intel(R) Core(TM) i3-7020U CPU @ 2.30GHz, 4 cores, 7G,  Windows 10 , 64 bit Build 17763 (10.0.17763.292)
Time: Tue Jan 16 18:27:45 2024 India Standard Time elapsed time: 6915.562665 seconds (0d 1h 55m 15s)

---------------  T H R E A D  ---------------

Current thread (0x000002267299fbd0):  GCTaskThread "GC Thread#3" [stack: 0x000000a3d2400000,0x000000a3d2500000] [id=18104]

Stack: [0x000000a3d2400000,0x000000a3d2500000],  sp=0x000000a3d24ffa80,  free space=1022k
Native frames: (J=compiled Java code, j=interpreted, Vv=VM code, C=native code)
V  [jvm.dll+0x30dc88]
V  [jvm.dll+0x2f4434]
V  [jvm.dll+0x2f27ba]
V  [jvm.dll+0x2f8804]
V  [jvm.dll+0x2f81fd]
V  [jvm.dll+0x2f7a9d]
V  [jvm.dll+0x862bbb]
V  [jvm.dll+0x862c06]
V  [jvm.dll+0x7e64ca]
V  [jvm.dll+0x677955]
C  [ucrtbase.dll+0x21ffa]
C  [KERNEL32.DLL+0x181f4]
C  [ntdll.dll+0x6a251]


siginfo: EXCEPTION_ACCESS_VIOLATION (0xc0000005), reading address 0x0000000000156080


Register to memory mapping:

RIP=0x00007ff81b76dc88 jvm.dll
RAX=0x0000000000000001 is an unknown value
RBX=0x00000226792d2658 points into unknown readable memory: 0x0000022674d99050 | 50 90 d9 74 26 02 00 00
RCX=0x0000000000000003 is an unknown value
RDX=
[error occurred during error reporting (printing register info), id 0xc0000005, EXCEPTION_ACCESS_VIOLATION (0xc0000005) at pc=0x00007ff81b734afa]

Registers:
RAX=0x0000000000000001, RBX=0x00000226792d2658, RCX=0x0000000000000003, RDX=0x0000000082baf0c0
RSP=0x000000a3d24ffa80, RBP=0x000000008297f5ac, RSI=0x00000226792d2010, RDI=0x0000000000000017
R8 =0x0000000000156078, R9 =0x0000000000000001, R10=0x0000000000000003, R11=0x0000000000000000
R12=0x0000000100022848, R13=0x000000008297f570, R14=0x0000000100022840, R15=0x00000226792d25c0
RIP=0x00007ff81b76dc88, EFLAGS=0x0000000000010206

Top of Stack: (sp=0x000000a3d24ffa80)
0x000000a3d24ffa80:   000000008297f570 00007ff81b754434
0x000000a3d24ffa90:   00000226607be790 00007ff81b75429e
0x000000a3d24ffaa0:   0000000082baf0c0 00007ff81b754434
0x000000a3d24ffab0:   000002267983ea98 0000000000000002
0x000000a3d24ffac0:   000000008297f570 00007ff81b753341
0x000000a3d24ffad0:   0000000082baf0c0 00000104ac0f0002
0x000000a3d24ffae0:   0000000082baf0c0 00007ff81b7527ba
0x000000a3d24ffaf0:   000000008297f580 00000226792d2010
0x000000a3d24ffb00:   000000008297f548 000000a3d24ffb50
0x000000a3d24ffb10:   000000000000000c 0000000000000010
0x000000a3d24ffb20:   00007ff81b460000 0000000000000000
0x000000a3d24ffb30:   00000226792d2010 00007ff81b758804
0x000000a3d24ffb40:   000000000000323c 000000008297f570
0x000000a3d24ffb50:   00007ff81b460000 00007ff81b460000
0x000000a3d24ffb60:   0000000000000000 0000000000000000
0x000000a3d24ffb70:   0000004800000000 0000000000000001 

Instructions: (pc=0x00007ff81b76dc88)
0x00007ff81b76db88:   cc cc cc cc cc cc cc cc 48 89 5c 24 08 57 48 83
0x00007ff81b76db98:   ec 30 33 c0 48 89 11 41 8d 50 ff 48 89 41 08 48
0x00007ff81b76dba8:   89 51 28 48 8b d9 44 89 41 10 41 8b f8 48 89 41
0x00007ff81b76dbb8:   18 48 89 41 20 41 8b c8 e8 0b ce cf ff 84 c0 75
0x00007ff81b76dbc8:   2b 4c 8d 0d e0 d5 64 00 89 7c 24 20 4c 8d 05 0d
0x00007ff81b76dbd8:   d6 64 00 ba 28 00 00 00 48 8d 0d 39 d6 64 00 e8
0x00007ff81b76dbe8:   24 97 f3 ff e8 2f aa 36 00 8b 7b 10 45 33 c0 8b
0x00007ff81b76dbf8:   cf 48 c1 e1 04 41 8d 50 05 e8 ea 8c d9 ff 48 89
0x00007ff81b76dc08:   43 08 48 8b c3 48 8b 5c 24 40 48 83 c4 30 5f c3
0x00007ff81b76dc18:   cc cc cc cc cc cc cc cc 48 8b 49 08 e9 47 8c d9
0x00007ff81b76dc28:   ff cc cc cc cc cc cc cc 48 89 5c 24 08 57 48 83
0x00007ff81b76dc38:   ec 20 48 8b 05 47 74 89 00 48 8b d9 48 8b fa 8b
0x00007ff81b76dc48:   88 c0 01 00 00 4c 8b 80 b8 01 00 00 0f b6 05 23
0x00007ff81b76dc58:   0a 86 00 49 d3 e0 8b 0d 4c 13 86 00 49 2b f8 48
0x00007ff81b76dc68:   d3 ef 84 c0 74 16 44 8b 42 08 8b 0d 90 46 7f 00
0x00007ff81b76dc78:   49 d3 e0 4c 03 05 7e 46 7f 00 eb 04 4c 8b 42 08
0x00007ff81b76dc88:   45 8b 48 08 45 85 c9 7e 0c 41 f6 c1 01 75 55 41
0x00007ff81b76dc98:   c1 f9 03 eb 5e 79 4d 84 c0 41 b8 0c 00 00 00 8b
0x00007ff81b76dca8:   05 97 55 7f 00 b9 10 00 00 00 41 0f 45 c8 ff c8
0x00007ff81b76dcb8:   4c 63 c0 41 8b c1 48 c1 f8 10 48 63 14 11 41 8b
0x00007ff81b76dcc8:   c9 83 e1 3f 48 d3 e2 0f b6 c8 49 8d 04 10 49 f7
0x00007ff81b76dcd8:   d0 48 03 c8 4d 8b c8 49 c1 e9 03 48 c1 e9 03 44
0x00007ff81b76dce8:   23 c9 eb 0f 49 8b 00 49 8b c8 ff 90 00 01 00 00
0x00007ff81b76dcf8:   44 8b c8 8b 53 28 8b c7 48 23 d0 48 c1 e2 04 48
0x00007ff81b76dd08:   03 53 08 8b 02 3b c7 74 34 4c 8b 42 08 4d 85 c0
0x00007ff81b76dd18:   74 0b 8b c8 48 8b 03 f0 4c 0f c1 04 c8 48 c7 42
0x00007ff81b76dd28:   08 00 00 00 00 89 3a 48 ff 43 20 49 63 c1 48 01
0x00007ff81b76dd38:   42 08 48 8b 5c 24 30 48 83 c4 20 5f c3 48 ff 43
0x00007ff81b76dd48:   18 48 8b 5c 24 30 49 63 c1 48 01 42 08 48 83 c4
0x00007ff81b76dd58:   20 5f c3 cc cc cc cc cc 48 89 5c 24 08 33 db 4c
0x00007ff81b76dd68:   8b da 4c 8b c9 44 8b c3 39 59 10 76 39 66 66 66
0x00007ff81b76dd78:   0f 1f 84 00 00 00 00 00 41 8b c0 48 c1 e0 04 49 


Stack slot to memory mapping:
stack at sp + 0 slots: 0x000000008297f570 is an oop: java.lang.Class$ReflectionData 
{0x000000008297f570} - klass: 'java/lang/Class$ReflectionData'
 - ---- fields (total size 8 words):
 - final 'redefinedCount' 'I' @12  0
 - volatile 'declaredFields' '[Ljava/lang/reflect/Field;' @16  
[error occurred during error reporting (inspecting top of stack), id 0xc0000005, EXCEPTION_ACCESS_VIOLATION (0xc0000005) at pc=0x00007ff81bac4ff3]


---------------  P R O C E S S  ---------------

Threads class SMR info:
_java_thread_list=0x00000226792cb4c0, length=24, elements={
0x000002267201f9a0, 0x0000022672021740, 0x000002267202c2e0, 0x000002267202cbb0,
0x0000022672068400, 0x0000022672068cd0, 0x0000022672074ab0, 0x00000226720773d0,
0x000002266db18860, 0x000002267224bf10, 0x00000226728a84e0, 0x00000226728b3cd0,
0x00000226728a5cd0, 0x00000226726a25f0, 0x00000226729c5550, 0x00000226729e8ea0,
0x00000226729ea7f0, 0x00000226729e8990, 0x00000226729ead00, 0x00000226742ed8f0,
0x00000226742eced0, 0x00000226729e98c0, 0x00000226729ec140, 0x00000226742f1fd0
}

Java Threads: ( => current thread )
  0x000002267201f9a0 JavaThread "Reference Handler" daemon [_thread_blocked, id=12440, stack(0x000000a3d1100000,0x000000a3d1200000)]
  0x0000022672021740 JavaThread "Finalizer" daemon [_thread_blocked, id=7704, stack(0x000000a3d1200000,0x000000a3d1300000)]
  0x000002267202c2e0 JavaThread "Signal Dispatcher" daemon [_thread_blocked, id=2560, stack(0x000000a3d1400000,0x000000a3d1500000)]
  0x000002267202cbb0 JavaThread "Attach Listener" daemon [_thread_blocked, id=16116, stack(0x000000a3d1500000,0x000000a3d1600000)]
  0x0000022672068400 JavaThread "Service Thread" daemon [_thread_blocked, id=12324, stack(0x000000a3d1600000,0x000000a3d1700000)]
  0x0000022672068cd0 JavaThread "Monitor Deflation Thread" daemon [_thread_blocked, id=5452, stack(0x000000a3d1700000,0x000000a3d1800000)]
  0x0000022672074ab0 JavaThread "C1 CompilerThread0" daemon [_thread_blocked, id=18108, stack(0x000000a3d1800000,0x000000a3d1900000)]
  0x00000226720773d0 JavaThread "Sweeper thread" daemon [_thread_blocked, id=14012, stack(0x000000a3d1900000,0x000000a3d1a00000)]
  0x000002266db18860 JavaThread "Common-Cleaner" daemon [_thread_blocked, id=18032, stack(0x000000a3d1a00000,0x000000a3d1b00000)]
  0x000002267224bf10 JavaThread "Notification Thread" daemon [_thread_blocked, id=17864, stack(0x000000a3d1d00000,0x000000a3d1e00000)]
  0x00000226728a84e0 JavaThread "RMI TCP Accept-0" daemon [_thread_in_native, id=6208, stack(0x000000a3d1e00000,0x000000a3d1f00000)]
  0x00000226728b3cd0 JavaThread "RMI TCP Accept-61939" daemon [_thread_in_native, id=13336, stack(0x000000a3d1f00000,0x000000a3d2000000)]
  0x00000226728a5cd0 JavaThread "RMI TCP Accept-0" daemon [_thread_in_native, id=8904, stack(0x000000a3d2000000,0x000000a3d2100000)]
  0x00000226726a25f0 JavaThread "RMI Scheduler(0)" daemon [_thread_blocked, id=8652, stack(0x000000a3d2800000,0x000000a3d2900000)]
  0x00000226729c5550 JavaThread "RMI TCP Connection(idle)" daemon [_thread_blocked, id=14036, stack(0x000000a3d2900000,0x000000a3d2a00000)]
  0x00000226729e8ea0 JavaThread "JMX server connection timeout 21" daemon [_thread_blocked, id=11644, stack(0x000000a3d2a00000,0x000000a3d2b00000)]
  0x00000226729ea7f0 JavaThread "oracle.jdbc.diagnostics.Diagnostic.CLOCK" daemon [_thread_blocked, id=11392, stack(0x000000a3d1c00000,0x000000a3d1d00000)]
  0x00000226729e8990 JavaThread "oracle.jdbc.driver.BlockSource.ThreadedCachingBlockSource.BlockReleaser" daemon [_thread_blocked, id=9848, stack(0x000000a3d3000000,0x000000a3d3100000)]
  0x00000226729ead00 JavaThread "InterruptTimer" daemon [_thread_blocked, id=14504, stack(0x000000a3d3200000,0x000000a3d3300000)]
  0x00000226742ed8f0 JavaThread "Live Reload Server" daemon [_thread_in_native, id=15964, stack(0x000000a3d3800000,0x000000a3d3900000)]
  0x00000226742eced0 JavaThread "DestroyJavaVM" [_thread_blocked, id=7804, stack(0x000000a3d0a00000,0x000000a3d0b00000)]
  0x00000226729e98c0 JavaThread "Catalina-utility-1" [_thread_blocked, id=17508, stack(0x000000a3d0900000,0x000000a3d0a00000)]
  0x00000226729ec140 JavaThread "Catalina-utility-2" [_thread_blocked, id=15388, stack(0x000000a3d2b00000,0x000000a3d2c00000)]
  0x00000226742f1fd0 JavaThread "Thread-105" [_thread_blocked, id=7160, stack(0x000000a3d0800000,0x000000a3d0900000)]

Other Threads:
  0x000002266db6ec90 VMThread "VM Thread" [stack: 0x000000a3d1000000,0x000000a3d1100000] [id=5156]
  0x00000226728a61b0 WatcherThread [stack: 0x000000a3d2100000,0x000000a3d2200000] [id=8564]
  0x00000226607be220 GCTaskThread "GC Thread#0" [stack: 0x000000a3d0b00000,0x000000a3d0c00000] [id=8544]
  0x00000226728b5dd0 GCTaskThread "GC Thread#1" [stack: 0x000000a3d2200000,0x000000a3d2300000] [id=4012]
  0x00000226729980a0 GCTaskThread "GC Thread#2" [stack: 0x000000a3d2300000,0x000000a3d2400000] [id=9920]
=>0x000002267299fbd0 GCTaskThread "GC Thread#3" [stack: 0x000000a3d2400000,0x000000a3d2500000] [id=18104]
  0x00000226607cf9c0 ConcurrentGCThread "G1 Main Marker" [stack: 0x000000a3d0c00000,0x000000a3d0d00000] [id=17564]
  0x00000226607d02e0 ConcurrentGCThread "G1 Conc#0" [stack: 0x000000a3d0d00000,0x000000a3d0e00000] [id=6488]
  0x000002266d9e5c80 ConcurrentGCThread "G1 Refine#0" [stack: 0x000000a3d0e00000,0x000000a3d0f00000] [id=10804]
  0x00000226729ce620 ConcurrentGCThread "G1 Refine#1" [stack: 0x000000a3d2500000,0x000000a3d2600000] [id=17116]
  0x00000226726a1af0 ConcurrentGCThread "G1 Refine#2" [stack: 0x000000a3d2700000,0x000000a3d2800000] [id=16576]
  0x0000022660809900 ConcurrentGCThread "G1 Service" [stack: 0x000000a3d0f00000,0x000000a3d1000000] [id=7196]

Threads with active compile tasks:

VM state: at safepoint (normal execution)

VM Mutex/Monitor currently owned by a thread:  ([mutex/lock_event])
[0x000002266075ec80] Threads_lock - owner thread: 0x000002266db6ec90
[0x000002266075e770] Heap_lock - owner thread: 0x00000226742f1fd0

Heap address: 0x0000000081400000, size: 2028 MB, Compressed Oops mode: 32-bit

CDS archive(s) not mapped
Compressed class space mapped at: 0x0000000100000000-0x0000000140000000, reserved size: 1073741824
Narrow klass base: 0x0000000000000000, Narrow klass shift: 3, Narrow klass range: 0x140000000

GC Precious Log:
 CPUs: 4 total, 4 available
 Memory: 8107M
 Large Page Support: Disabled
 NUMA Support: Disabled
 Compressed Oops: Enabled (32-bit)
 Heap Region Size: 1M
 Heap Min Capacity: 8M
 Heap Initial Capacity: 128M
 Heap Max Capacity: 2028M
 Pre-touch: Disabled
 Parallel Workers: 4
 Concurrent Workers: 1
 Concurrent Refinement Workers: 4
 Periodic GC: Disabled

Heap:
 garbage-first heap   total 81920K, used 59331K [0x0000000081400000, 0x0000000100000000)
  region size 1024K, 30 young (30720K), 3 survivors (3072K)
 Metaspace       used 84410K, committed 85120K, reserved 1179648K
  class space    used 11405K, committed 11776K, reserved 1048576K

Heap Regions: E=young(eden), S=young(survivor), O=old, HS=humongous(starts), HC=humongous(continues), CS=collection set, F=free, OA=open archive, CA=closed archive, TAMS=top-at-mark-start (previous, next)
|   0|0x0000000081400000, 0x0000000081500000, 0x0000000081500000|100%|HS|  |TAMS 0x0000000081500000, 0x0000000081400000| Untracked 
|   1|0x0000000081500000, 0x00000000815fffe8, 0x0000000081600000| 99%| O|  |TAMS 0x00000000815fffe8, 0x0000000081500000| Untracked 
|   2|0x0000000081600000, 0x0000000081700000, 0x0000000081700000|100%| O|  |TAMS 0x0000000081700000, 0x0000000081600000| Untracked 
|   3|0x0000000081700000, 0x0000000081800000, 0x0000000081800000|100%| O|  |TAMS 0x0000000081800000, 0x0000000081700000| Untracked 
|   4|0x0000000081800000, 0x00000000818fffd0, 0x0000000081900000| 99%| O|  |TAMS 0x00000000818fffd0, 0x0000000081800000| Untracked 
|   5|0x0000000081900000, 0x0000000081a00000, 0x0000000081a00000|100%| O|  |TAMS 0x0000000081a00000, 0x0000000081900000| Untracked 
|   6|0x0000000081a00000, 0x0000000081b00000, 0x0000000081b00000|100%| O|  |TAMS 0x0000000081b00000, 0x0000000081a00000| Untracked 
|   7|0x0000000081b00000, 0x0000000081bfff18, 0x0000000081c00000| 99%| O|  |TAMS 0x0000000081bfff18, 0x0000000081b00000| Untracked 
|   8|0x0000000081c00000, 0x0000000081d00000, 0x0000000081d00000|100%| O|  |TAMS 0x0000000081d00000, 0x0000000081c00000| Untracked 
|   9|0x0000000081d00000, 0x0000000081e00000, 0x0000000081e00000|100%| O|  |TAMS 0x0000000081e00000, 0x0000000081d00000| Untracked 
|  10|0x0000000081e00000, 0x0000000081effff0, 0x0000000081f00000| 99%| O|  |TAMS 0x0000000081effff0, 0x0000000081e00000| Untracked 
|  11|0x0000000081f00000, 0x0000000081ffffc8, 0x0000000082000000| 99%| O|  |TAMS 0x0000000081ffffc8, 0x0000000081f00000| Untracked 
|  12|0x0000000082000000, 0x00000000820ffff8, 0x0000000082100000| 99%| O|  |TAMS 0x00000000820ffff8, 0x0000000082000000| Untracked 
|  13|0x0000000082100000, 0x00000000821fffe0, 0x0000000082200000| 99%| O|  |TAMS 0x00000000821fffe0, 0x0000000082100000| Untracked 
|  14|0x0000000082200000, 0x00000000822ff760, 0x0000000082300000| 99%| O|  |TAMS 0x00000000822ff760, 0x0000000082200000| Untracked 
|  15|0x0000000082300000, 0x00000000823fffd0, 0x0000000082400000| 99%| O|  |TAMS 0x00000000823fffd0, 0x0000000082300000| Untracked 
|  16|0x0000000082400000, 0x00000000824fffa0, 0x0000000082500000| 99%| O|  |TAMS 0x00000000824fffa0, 0x0000000082400000| Untracked 
|  17|0x0000000082500000, 0x00000000825ffff8, 0x0000000082600000| 99%| O|  |TAMS 0x00000000825ffff8, 0x0000000082500000| Untracked 
|  18|0x0000000082600000, 0x00000000826ffff0, 0x0000000082700000| 99%| O|  |TAMS 0x00000000826ffff0, 0x0000000082600000| Untracked 
|  19|0x0000000082700000, 0x00000000827ff058, 0x0000000082800000| 99%| O|  |TAMS 0x0000000082700000, 0x0000000082700000| Untracked 
|  20|0x0000000082800000, 0x0000000082900000, 0x0000000082900000|100%| O|  |TAMS 0x0000000082900000, 0x0000000082800000| Untracked 
|  21|0x0000000082900000, 0x0000000082a00000, 0x0000000082a00000|100%| O|  |TAMS 0x0000000082a00000, 0x0000000082900000| Untracked 
|  22|0x0000000082a00000, 0x0000000082afffc8, 0x0000000082b00000| 99%| O|  |TAMS 0x0000000082afffc8, 0x0000000082a00000| Untracked 
|  23|0x0000000082b00000, 0x0000000082bffff0, 0x0000000082c00000| 99%| O|  |TAMS 0x0000000082b00000, 0x0000000082b00000| Untracked 
|  24|0x0000000082c00000, 0x0000000082cb5228, 0x0000000082d00000| 70%| O|  |TAMS 0x0000000082c00000, 0x0000000082c00000| Untracked 
|  25|0x0000000082d00000, 0x0000000082e00000, 0x0000000082e00000|100%| O|  |TAMS 0x0000000082d00000, 0x0000000082d00000| Untracked 
|  26|0x0000000082e00000, 0x0000000082ec98d0, 0x0000000082f00000| 78%| O|  |TAMS 0x0000000082e00000, 0x0000000082e00000| Untracked 
|  27|0x0000000082f00000, 0x0000000083000000, 0x0000000083000000|100%| O|  |TAMS 0x0000000082f00000, 0x0000000082f00000| Untracked 
|  28|0x0000000083000000, 0x00000000830a8bb8, 0x0000000083100000| 65%| O|  |TAMS 0x0000000083000000, 0x0000000083000000| Untracked 
|  29|0x0000000083100000, 0x000000008316e600, 0x0000000083200000| 43%| O|  |TAMS 0x0000000083100000, 0x0000000083100000| Untracked 
|  30|0x0000000083200000, 0x0000000083200000, 0x0000000083300000|  0%| F|  |TAMS 0x0000000083200000, 0x0000000083200000| Untracked 
|  31|0x0000000083300000, 0x0000000083300000, 0x0000000083400000|  0%| F|  |TAMS 0x0000000083300000, 0x0000000083300000| Untracked 
|  32|0x0000000083400000, 0x0000000083400000, 0x0000000083500000|  0%| F|  |TAMS 0x0000000083400000, 0x0000000083400000| Untracked 
|  33|0x0000000083500000, 0x0000000083500000, 0x0000000083600000|  0%| F|  |TAMS 0x0000000083500000, 0x0000000083500000| Untracked 
|  34|0x0000000083600000, 0x0000000083600000, 0x0000000083700000|  0%| F|  |TAMS 0x0000000083600000, 0x0000000083600000| Untracked 
|  35|0x0000000083700000, 0x0000000083700000, 0x0000000083800000|  0%| F|  |TAMS 0x0000000083700000, 0x0000000083700000| Untracked 
|  36|0x0000000083800000, 0x0000000083800000, 0x0000000083900000|  0%| F|  |TAMS 0x0000000083800000, 0x0000000083800000| Untracked 
|  37|0x0000000083900000, 0x0000000083900000, 0x0000000083a00000|  0%| F|  |TAMS 0x0000000083900000, 0x0000000083900000| Untracked 
|  38|0x0000000083a00000, 0x0000000083a00000, 0x0000000083b00000|  0%| F|  |TAMS 0x0000000083a00000, 0x0000000083a00000| Untracked 
|  39|0x0000000083b00000, 0x0000000083b5cb20, 0x0000000083c00000| 36%| S|  |TAMS 0x0000000083b00000, 0x0000000083b00000| Complete 
|  40|0x0000000083c00000, 0x0000000083c00000, 0x0000000083d00000|  0%| F|  |TAMS 0x0000000083c00000, 0x0000000083c00000| Untracked 
|  41|0x0000000083d00000, 0x0000000083d00000, 0x0000000083e00000|  0%| F|  |TAMS 0x0000000083d00000, 0x0000000083d00000| Untracked 
|  42|0x0000000083e00000, 0x0000000083e00000, 0x0000000083f00000|  0%| F|  |TAMS 0x0000000083e00000, 0x0000000083e00000| Untracked 
|  43|0x0000000083f00000, 0x0000000084000000, 0x0000000084000000|100%| S|  |TAMS 0x0000000083f00000, 0x0000000083f00000| Complete 
|  44|0x0000000084000000, 0x0000000084100000, 0x0000000084100000|100%| S|  |TAMS 0x0000000084000000, 0x0000000084000000| Complete 
|  45|0x0000000084100000, 0x0000000084100000, 0x0000000084200000|  0%| F|  |TAMS 0x0000000084100000, 0x0000000084100000| Untracked 
|  46|0x0000000084200000, 0x0000000084200000, 0x0000000084300000|  0%| F|  |TAMS 0x0000000084200000, 0x0000000084200000| Untracked 
|  47|0x0000000084300000, 0x0000000084300000, 0x0000000084400000|  0%| F|  |TAMS 0x0000000084300000, 0x0000000084300000| Untracked 
|  48|0x0000000084400000, 0x0000000084400000, 0x0000000084500000|  0%| F|  |TAMS 0x0000000084400000, 0x0000000084400000| Untracked 
|  49|0x0000000084500000, 0x0000000084500000, 0x0000000084600000|  0%| F|  |TAMS 0x0000000084500000, 0x0000000084500000| Untracked 
|  50|0x0000000084600000, 0x0000000084600000, 0x0000000084700000|  0%| F|  |TAMS 0x0000000084600000, 0x0000000084600000| Untracked 
|  51|0x0000000084700000, 0x0000000084700000, 0x0000000084800000|  0%| F|  |TAMS 0x0000000084700000, 0x0000000084700000| Untracked 
|  52|0x0000000084800000, 0x0000000084800000, 0x0000000084900000|  0%| F|  |TAMS 0x0000000084800000, 0x0000000084800000| Untracked 
|  53|0x0000000084900000, 0x0000000084a00000, 0x0000000084a00000|100%| E|  |TAMS 0x0000000084900000, 0x0000000084900000| Complete 
|  54|0x0000000084a00000, 0x0000000084b00000, 0x0000000084b00000|100%| E|  |TAMS 0x0000000084a00000, 0x0000000084a00000| Complete 
|  55|0x0000000084b00000, 0x0000000084c00000, 0x0000000084c00000|100%| E|  |TAMS 0x0000000084b00000, 0x0000000084b00000| Complete 
|  56|0x0000000084c00000, 0x0000000084d00000, 0x0000000084d00000|100%| E|  |TAMS 0x0000000084c00000, 0x0000000084c00000| Complete 
|  57|0x0000000084d00000, 0x0000000084e00000, 0x0000000084e00000|100%| E|  |TAMS 0x0000000084d00000, 0x0000000084d00000| Complete 
|  58|0x0000000084e00000, 0x0000000084f00000, 0x0000000084f00000|100%| E|  |TAMS 0x0000000084e00000, 0x0000000084e00000| Complete 
|  59|0x0000000084f00000, 0x0000000085000000, 0x0000000085000000|100%| E|  |TAMS 0x0000000084f00000, 0x0000000084f00000| Complete 
|  60|0x0000000085000000, 0x0000000085100000, 0x0000000085100000|100%| E|  |TAMS 0x0000000085000000, 0x0000000085000000| Complete 
|  61|0x0000000085100000, 0x0000000085200000, 0x0000000085200000|100%| E|  |TAMS 0x0000000085100000, 0x0000000085100000| Complete 
|  62|0x0000000085200000, 0x0000000085300000, 0x0000000085300000|100%| E|  |TAMS 0x0000000085200000, 0x0000000085200000| Complete 
|  63|0x0000000085300000, 0x0000000085400000, 0x0000000085400000|100%| E|  |TAMS 0x0000000085300000, 0x0000000085300000| Complete 
|  64|0x0000000085400000, 0x0000000085500000, 0x0000000085500000|100%| E|  |TAMS 0x0000000085400000, 0x0000000085400000| Complete 
|  65|0x0000000085500000, 0x0000000085600000, 0x0000000085600000|100%| E|  |TAMS 0x0000000085500000, 0x0000000085500000| Complete 
|  66|0x0000000085600000, 0x0000000085700000, 0x0000000085700000|100%| E|  |TAMS 0x0000000085600000, 0x0000000085600000| Complete 
|  67|0x0000000085700000, 0x0000000085800000, 0x0000000085800000|100%| E|  |TAMS 0x0000000085700000, 0x0000000085700000| Complete 
|  68|0x0000000085800000, 0x0000000085900000, 0x0000000085900000|100%| E|  |TAMS 0x0000000085800000, 0x0000000085800000| Complete 
|  69|0x0000000085900000, 0x0000000085a00000, 0x0000000085a00000|100%| E|  |TAMS 0x0000000085900000, 0x0000000085900000| Complete 
|  70|0x0000000085a00000, 0x0000000085b00000, 0x0000000085b00000|100%| E|  |TAMS 0x0000000085a00000, 0x0000000085a00000| Complete 
|  71|0x0000000085b00000, 0x0000000085c00000, 0x0000000085c00000|100%| E|  |TAMS 0x0000000085b00000, 0x0000000085b00000| Complete 
|  72|0x0000000085c00000, 0x0000000085d00000, 0x0000000085d00000|100%| E|  |TAMS 0x0000000085c00000, 0x0000000085c00000| Complete 
|  73|0x0000000085d00000, 0x0000000085e00000, 0x0000000085e00000|100%| E|  |TAMS 0x0000000085d00000, 0x0000000085d00000| Complete 
|  74|0x0000000085e00000, 0x0000000085f00000, 0x0000000085f00000|100%| E|  |TAMS 0x0000000085e00000, 0x0000000085e00000| Complete 
|  75|0x0000000085f00000, 0x0000000086000000, 0x0000000086000000|100%| E|  |TAMS 0x0000000085f00000, 0x0000000085f00000| Complete 
|  76|0x0000000086000000, 0x0000000086100000, 0x0000000086100000|100%| E|  |TAMS 0x0000000086000000, 0x0000000086000000| Complete 
|  77|0x0000000086100000, 0x0000000086200000, 0x0000000086200000|100%| E|  |TAMS 0x0000000086100000, 0x0000000086100000| Complete 
|  78|0x0000000086200000, 0x0000000086300000, 0x0000000086300000|100%| E|  |TAMS 0x0000000086200000, 0x0000000086200000| Complete 
|  79|0x0000000086300000, 0x0000000086400000, 0x0000000086400000|100%| E|  |TAMS 0x0000000086300000, 0x0000000086300000| Complete 

Card table byte_map: [0x0000022667210000,0x0000022667610000] _byte_map_base: 0x0000022666e06000

Marking Bits (Prev, Next): (CMBitMap*) 0x00000226607be750, (CMBitMap*) 0x00000226607be790
 Prev Bits: [0x0000022667a10000, 0x00000226699c0000)
 Next Bits: [0x00000226699c0000, 0x000002266b970000)

Polling page: 0x000002265e670000

Metaspace:

Usage:
  Non-class:     71.29 MB used.
      Class:     11.14 MB used.
       Both:     82.43 MB used.

Virtual space:
  Non-class space:      128.00 MB reserved,      71.63 MB ( 56%) committed,  2 nodes.
      Class space:        1.00 GB reserved,      11.50 MB (  1%) committed,  1 nodes.
             Both:        1.13 GB reserved,      83.13 MB (  7%) committed. 

Chunk freelists:
   Non-Class:  8.24 MB
       Class:  4.45 MB
        Both:  12.69 MB

MaxMetaspaceSize: unlimited
CompressedClassSpaceSize: 1.00 GB
Initial GC threshold: 21.00 MB
Current GC threshold: 138.69 MB
CDS: off
MetaspaceReclaimPolicy: balanced
 - commit_granule_bytes: 65536.
 - commit_granule_words: 8192.
 - virtual_space_node_default_size: 8388608.
 - enlarge_chunks_in_place: 1.
 - new_chunks_are_fully_committed: 0.
 - uncommit_free_chunks: 1.
 - use_allocation_guard: 0.
 - handle_deallocations: 1.


Internal statistics:

num_allocs_failed_limit: 14.
num_arena_births: 1658.
num_arena_deaths: 920.
num_vsnodes_births: 3.
num_vsnodes_deaths: 0.
num_space_committed: 1340.
num_space_uncommitted: 10.
num_chunks_returned_to_freelist: 1567.
num_chunks_taken_from_freelist: 5166.
num_chunk_merges: 381.
num_chunk_splits: 2973.
num_chunks_enlarged: 2117.
num_inconsistent_stats: 0.

CodeCache: size=49152Kb used=24482Kb max_used=25272Kb free=24669Kb
 bounds [0x0000022663e10000, 0x00000226656c0000, 0x0000022666e10000]
 total_blobs=14733 nmethods=13988 adapters=670
 compilation: enabled
              stopped_count=0, restarted_count=0
 full_count=0

Compilation events (20 events):
Event: 6915.323 Thread 0x0000022672074ab0 13983       1       org.springframework.context.support.DefaultLifecycleProcessor::getBeanFactory (21 bytes)
Event: 6915.323 Thread 0x0000022672074ab0 nmethod 13983 0x000002266558f810 code [0x000002266558f9a0, 0x000002266558fb28]
Event: 6915.440 Thread 0x0000022672074ab0 13984   !   1       org.apache.tomcat.util.threads.ThreadPoolExecutor$Worker::interruptIfStarted (32 bytes)
Event: 6915.440 Thread 0x0000022672074ab0 nmethod 13984 0x000002266558f410 code [0x000002266558f5c0, 0x000002266558f708]
Event: 6915.440 Thread 0x0000022672074ab0 13985   !   1       org.apache.tomcat.util.threads.ThreadPoolExecutor::processWorkerExit (150 bytes)
Event: 6915.441 Thread 0x0000022672074ab0 nmethod 13985 0x000002266558e910 code [0x000002266558eb40, 0x000002266558f038]
Event: 6915.445 Thread 0x0000022672074ab0 13986       1       javax.management.Notification::getSequenceNumber (5 bytes)
Event: 6915.445 Thread 0x0000022672074ab0 nmethod 13986 0x000002266558e610 code [0x000002266558e7a0, 0x000002266558e878]
Event: 6915.445 Thread 0x0000022672074ab0 13987       1       javax.management.Notification::setSequenceNumber (6 bytes)
Event: 6915.445 Thread 0x0000022672074ab0 nmethod 13987 0x000002266558e310 code [0x000002266558e4a0, 0x000002266558e578]
Event: 6915.451 Thread 0x0000022672074ab0 13988       1       com.zaxxer.hikari.pool.HikariPool$$Lambda$1493/0x0000000100b3eef8::accept (12 bytes)
Event: 6915.451 Thread 0x0000022672074ab0 nmethod 13988 0x000002266558dd10 code [0x000002266558dec0, 0x000002266558e118]
Event: 6915.453 Thread 0x0000022672074ab0 13989       1       com.zaxxer.hikari.pool.HikariPool::lambda$softEvictConnections$0 (11 bytes)
Event: 6915.453 Thread 0x0000022672074ab0 nmethod 13989 0x000002266558d790 code [0x000002266558d940, 0x000002266558db58]
Event: 6915.542 Thread 0x0000022672074ab0 13990       1       org.apache.catalina.mapper.Mapper::renameWildcardHost (22 bytes)
Event: 6915.542 Thread 0x0000022672074ab0 nmethod 13990 0x000002266558d310 code [0x000002266558d4c0, 0x000002266558d638]
Event: 6915.542 Thread 0x0000022672074ab0 13991       1       org.apache.catalina.mapper.Mapper::exactFind (29 bytes)
Event: 6915.543 Thread 0x0000022672074ab0 nmethod 13991 0x000002266558ce90 code [0x000002266558d040, 0x000002266558d1b8]
Event: 6915.543 Thread 0x0000022672074ab0 13992       1       org.apache.catalina.core.StandardContext::getWebappVersion (5 bytes)
Event: 6915.543 Thread 0x0000022672074ab0 nmethod 13992 0x000002266558cb90 code [0x000002266558cd20, 0x000002266558cdf8]

GC Heap History (20 events):
Event: 6456.092 GC heap after
{Heap after GC invocations=109 (full 22):
 garbage-first heap   total 81920K, used 30884K [0x0000000081400000, 0x0000000100000000)
  region size 1024K, 4 young (4096K), 4 survivors (4096K)
 Metaspace       used 84283K, committed 85184K, reserved 1179648K
  class space    used 11387K, committed 11776K, reserved 1048576K
}
Event: 6480.067 GC heap before
{Heap before GC invocations=109 (full 22):
 garbage-first heap   total 81920K, used 50340K [0x0000000081400000, 0x0000000100000000)
  region size 1024K, 24 young (24576K), 4 survivors (4096K)
 Metaspace       used 84316K, committed 85184K, reserved 1179648K
  class space    used 11389K, committed 11776K, reserved 1048576K
}
Event: 6480.147 GC heap after
{Heap after GC invocations=110 (full 23):
 garbage-first heap   total 81920K, used 26652K [0x0000000081400000, 0x0000000100000000)
  region size 1024K, 0 young (0K), 0 survivors (0K)
 Metaspace       used 84086K, committed 85120K, reserved 1179648K
  class space    used 11370K, committed 11776K, reserved 1048576K
}
Event: 6480.747 GC heap before
{Heap before GC invocations=110 (full 23):
 garbage-first heap   total 81920K, used 62492K [0x0000000081400000, 0x0000000100000000)
  region size 1024K, 36 young (36864K), 0 survivors (0K)
 Metaspace       used 84125K, committed 85120K, reserved 1179648K
  class space    used 11376K, committed 11776K, reserved 1048576K
}
Event: 6480.752 GC heap after
{Heap after GC invocations=111 (full 23):
 garbage-first heap   total 81920K, used 29875K [0x0000000081400000, 0x0000000100000000)
  region size 1024K, 4 young (4096K), 4 survivors (4096K)
 Metaspace       used 84125K, committed 85120K, reserved 1179648K
  class space    used 11376K, committed 11776K, reserved 1048576K
}
Event: 6481.139 GC heap before
{Heap before GC invocations=111 (full 23):
 garbage-first heap   total 81920K, used 63667K [0x0000000081400000, 0x0000000100000000)
  region size 1024K, 37 young (37888K), 4 survivors (4096K)
 Metaspace       used 84294K, committed 85120K, reserved 1179648K
  class space    used 11388K, committed 11776K, reserved 1048576K
}
Event: 6481.145 GC heap after
{Heap after GC invocations=112 (full 23):
 garbage-first heap   total 81920K, used 31369K [0x0000000081400000, 0x0000000100000000)
  region size 1024K, 3 young (3072K), 3 survivors (3072K)
 Metaspace       used 84294K, committed 85120K, reserved 1179648K
  class space    used 11388K, committed 11776K, reserved 1048576K
}
Event: 6589.427 GC heap before
{Heap before GC invocations=112 (full 23):
 garbage-first heap   total 81920K, used 56969K [0x0000000081400000, 0x0000000100000000)
  region size 1024K, 29 young (29696K), 3 survivors (3072K)
 Metaspace       used 84330K, committed 85120K, reserved 1179648K
  class space    used 11391K, committed 11776K, reserved 1048576K
}
Event: 6589.507 GC heap after
{Heap after GC invocations=113 (full 24):
 garbage-first heap   total 81920K, used 26852K [0x0000000081400000, 0x0000000100000000)
  region size 1024K, 0 young (0K), 0 survivors (0K)
 Metaspace       used 84109K, committed 85120K, reserved 1179648K
  class space    used 11374K, committed 11776K, reserved 1048576K
}
Event: 6589.966 GC heap before
{Heap before GC invocations=113 (full 24):
 garbage-first heap   total 81920K, used 63716K [0x0000000081400000, 0x0000000100000000)
  region size 1024K, 36 young (36864K), 0 survivors (0K)
 Metaspace       used 84149K, committed 85120K, reserved 1179648K
  class space    used 11380K, committed 11776K, reserved 1048576K
}
Event: 6589.970 GC heap after
{Heap after GC invocations=114 (full 24):
 garbage-first heap   total 81920K, used 30132K [0x0000000081400000, 0x0000000100000000)
  region size 1024K, 4 young (4096K), 4 survivors (4096K)
 Metaspace       used 84149K, committed 85120K, reserved 1179648K
  class space    used 11380K, committed 11776K, reserved 1048576K
}
Event: 6590.331 GC heap before
{Heap before GC invocations=114 (full 24):
 garbage-first heap   total 81920K, used 63924K [0x0000000081400000, 0x0000000100000000)
  region size 1024K, 37 young (37888K), 4 survivors (4096K)
 Metaspace       used 84329K, committed 85120K, reserved 1179648K
  class space    used 11395K, committed 11776K, reserved 1048576K
}
Event: 6590.337 GC heap after
{Heap after GC invocations=115 (full 24):
 garbage-first heap   total 81920K, used 31535K [0x0000000081400000, 0x0000000100000000)
  region size 1024K, 3 young (3072K), 3 survivors (3072K)
 Metaspace       used 84329K, committed 85120K, reserved 1179648K
  class space    used 11395K, committed 11776K, reserved 1048576K
}
Event: 6614.352 GC heap before
{Heap before GC invocations=115 (full 24):
 garbage-first heap   total 81920K, used 54063K [0x0000000081400000, 0x0000000100000000)
  region size 1024K, 26 young (26624K), 3 survivors (3072K)
 Metaspace       used 84372K, committed 85120K, reserved 1179648K
  class space    used 11399K, committed 11776K, reserved 1048576K
}
Event: 6614.433 GC heap after
{Heap after GC invocations=116 (full 25):
 garbage-first heap   total 81920K, used 26774K [0x0000000081400000, 0x0000000100000000)
  region size 1024K, 0 young (0K), 0 survivors (0K)
 Metaspace       used 84152K, committed 85120K, reserved 1179648K
  class space    used 11381K, committed 11776K, reserved 1048576K
}
Event: 6615.042 GC heap before
{Heap before GC invocations=116 (full 25):
 garbage-first heap   total 81920K, used 63638K [0x0000000081400000, 0x0000000100000000)
  region size 1024K, 37 young (37888K), 0 survivors (0K)
 Metaspace       used 84210K, committed 85120K, reserved 1179648K
  class space    used 11391K, committed 11776K, reserved 1048576K
}
Event: 6615.047 GC heap after
{Heap after GC invocations=117 (full 25):
 garbage-first heap   total 81920K, used 29613K [0x0000000081400000, 0x0000000100000000)
  region size 1024K, 3 young (3072K), 3 survivors (3072K)
 Metaspace       used 84210K, committed 85120K, reserved 1179648K
  class space    used 11391K, committed 11776K, reserved 1048576K
}
Event: 6615.495 GC heap before
{Heap before GC invocations=117 (full 25):
 garbage-first heap   total 81920K, used 65453K [0x0000000081400000, 0x0000000100000000)
  region size 1024K, 38 young (38912K), 3 survivors (3072K)
 Metaspace       used 84372K, committed 85120K, reserved 1179648K
  class space    used 11401K, committed 11776K, reserved 1048576K
}
Event: 6615.501 GC heap after
{Heap after GC invocations=118 (full 25):
 garbage-first heap   total 81920K, used 31683K [0x0000000081400000, 0x0000000100000000)
  region size 1024K, 3 young (3072K), 3 survivors (3072K)
 Metaspace       used 84372K, committed 85120K, reserved 1179648K
  class space    used 11401K, committed 11776K, reserved 1048576K
}
Event: 6915.544 GC heap before
{Heap before GC invocations=118 (full 25):
 garbage-first heap   total 81920K, used 58307K [0x0000000081400000, 0x0000000100000000)
  region size 1024K, 30 young (30720K), 3 survivors (3072K)
 Metaspace       used 84410K, committed 85120K, reserved 1179648K
  class space    used 11405K, committed 11776K, reserved 1048576K
}

Dll operation events (9 events):
Event: 0.171 Loaded shared library F:\STS soft SpringBoot\sts-4.20.1.RELEASE\plugins\org.eclipse.justj.openjdk.hotspot.jre.full.win32.x86_64_17.0.8.v20230831-1047\jre\bin\java.dll
Event: 0.435 Loaded shared library F:\STS soft SpringBoot\sts-4.20.1.RELEASE\plugins\org.eclipse.justj.openjdk.hotspot.jre.full.win32.x86_64_17.0.8.v20230831-1047\jre\bin\jimage.dll
Event: 0.455 Loaded shared library F:\STS soft SpringBoot\sts-4.20.1.RELEASE\plugins\org.eclipse.justj.openjdk.hotspot.jre.full.win32.x86_64_17.0.8.v20230831-1047\jre\bin\net.dll
Event: 0.457 Loaded shared library F:\STS soft SpringBoot\sts-4.20.1.RELEASE\plugins\org.eclipse.justj.openjdk.hotspot.jre.full.win32.x86_64_17.0.8.v20230831-1047\jre\bin\nio.dll
Event: 0.463 Loaded shared library F:\STS soft SpringBoot\sts-4.20.1.RELEASE\plugins\org.eclipse.justj.openjdk.hotspot.jre.full.win32.x86_64_17.0.8.v20230831-1047\jre\bin\zip.dll
Event: 0.661 Loaded shared library F:\STS soft SpringBoot\sts-4.20.1.RELEASE\plugins\org.eclipse.justj.openjdk.hotspot.jre.full.win32.x86_64_17.0.8.v20230831-1047\jre\bin\management.dll
Event: 0.744 Loaded shared library F:\STS soft SpringBoot\sts-4.20.1.RELEASE\plugins\org.eclipse.justj.openjdk.hotspot.jre.full.win32.x86_64_17.0.8.v20230831-1047\jre\bin\management_ext.dll
Event: 4.748 Loaded shared library F:\STS soft SpringBoot\sts-4.20.1.RELEASE\plugins\org.eclipse.justj.openjdk.hotspot.jre.full.win32.x86_64_17.0.8.v20230831-1047\jre\bin\sunmscapi.dll
Event: 11.906 Loaded shared library F:\STS soft SpringBoot\sts-4.20.1.RELEASE\plugins\org.eclipse.justj.openjdk.hotspot.jre.full.win32.x86_64_17.0.8.v20230831-1047\jre\bin\verify.dll

Deoptimization events (16 events):
Event: 3.946 Thread 0x00000226729ec140 DEOPT PACKING pc=0x0000022664332219 sp=0x000000a3d2cfcae0
Event: 3.946 Thread 0x00000226729ec140 DEOPT UNPACKING pc=0x0000022663e67143 sp=0x000000a3d2cfbfc0 mode 3
Event: 5.264 Thread 0x00000226729ec140 DEOPT PACKING pc=0x00000226643e25d5 sp=0x000000a3d2cfd2b0
Event: 5.264 Thread 0x00000226729ec140 DEOPT UNPACKING pc=0x0000022663e67143 sp=0x000000a3d2cfc758 mode 3
Event: 7.959 Thread 0x00000226729ec140 DEOPT PACKING pc=0x00000226644ccbcc sp=0x000000a3d2cfc8a0
Event: 7.959 Thread 0x00000226729ec140 DEOPT UNPACKING pc=0x0000022663e67143 sp=0x000000a3d2cfbd58 mode 0
Event: 10.063 Thread 0x00000226729ec140 DEOPT PACKING pc=0x00000226645dca7d sp=0x000000a3d2cfbc40
Event: 10.064 Thread 0x00000226729ec140 DEOPT UNPACKING pc=0x0000022663e67143 sp=0x000000a3d2cfb1a8 mode 3
Event: 17.028 Thread 0x00000226729ec140 DEOPT PACKING pc=0x0000022664368842 sp=0x000000a3d2cfd610
Event: 17.028 Thread 0x00000226729ec140 DEOPT UNPACKING pc=0x0000022663e67143 sp=0x000000a3d2cfcb18 mode 3
Event: 17.029 Thread 0x00000226729ec140 DEOPT PACKING pc=0x000002266435bf45 sp=0x000000a3d2cfd5d0
Event: 17.029 Thread 0x00000226729ec140 DEOPT UNPACKING pc=0x0000022663e67143 sp=0x000000a3d2cfcb18 mode 3
Event: 17.890 Thread 0x00000226729ec140 DEOPT PACKING pc=0x000002266436f394 sp=0x000000a3d2cfd2f0
Event: 17.890 Thread 0x00000226729ec140 DEOPT UNPACKING pc=0x0000022663e67143 sp=0x000000a3d2cfc848 mode 0
Event: 1388.995 Thread 0x00000226742ede00 DEOPT PACKING pc=0x0000022664e1865a sp=0x000000a3d2bfc110
Event: 1388.996 Thread 0x00000226742ede00 DEOPT UNPACKING pc=0x0000022663e67143 sp=0x000000a3d2bfb660 mode 3

Classes unloaded (20 events):
Event: 6589.457 Thread 0x000002266db6ec90 Unloading class 0x00000001004d6420 'com/Ashokit/repo/Counsellorrepo'
Event: 6589.457 Thread 0x000002266db6ec90 Unloading class 0x00000001004d6200 'com/Ashokit/controller/Counsellorcontroller'
Event: 6589.457 Thread 0x000002266db6ec90 Unloading class 0x00000001004d6000 'com/Ashokit/Miniproject1Application'
Event: 6614.379 Thread 0x000002266db6ec90 Unloading class 0x00000001000c3800 'org/apache/catalina/loader/JdbcLeakPrevention'
Event: 6614.379 Thread 0x000002266db6ec90 Unloading class 0x0000000100b6c000 'jdk/proxy20/$Proxy191'
Event: 6614.379 Thread 0x000002266db6ec90 Unloading class 0x0000000100b51800 'jdk/proxy20/$Proxy190'
Event: 6614.379 Thread 0x000002266db6ec90 Unloading class 0x0000000100b53638 'jdk/proxy20/$Proxy189'
Event: 6614.379 Thread 0x000002266db6ec90 Unloading class 0x0000000100b52a08 'jdk/proxy20/$Proxy188'
Event: 6614.379 Thread 0x000002266db6ec90 Unloading class 0x0000000100b52588 'jdk/proxy20/$Proxy187'
Event: 6614.379 Thread 0x000002266db6ec90 Unloading class 0x0000000100b52368 'com/Ashokit/entity/Counsellor$HibernateInstantiator$yys8tQu6'
Event: 6614.379 Thread 0x000002266db6ec90 Unloading class 0x0000000100b52000 'com/Ashokit/entity/Counsellor$HibernateProxy$q4Z0I79R'
Event: 6614.379 Thread 0x000002266db6ec90 Unloading class 0x0000000100b4fdb8 'com/Ashokit/entity/Student$HibernateInstantiator$SxbhuxDt'
Event: 6614.379 Thread 0x000002266db6ec90 Unloading class 0x0000000100b4fa30 'com/Ashokit/entity/Student$HibernateProxy$qdHhGNpL'
Event: 6614.379 Thread 0x000002266db6ec90 Unloading class 0x0000000100b4f800 'com/Ashokit/Miniproject1Application$$SpringCGLIB$$0'
Event: 6614.379 Thread 0x000002266db6ec90 Unloading class 0x0000000100b4ac50 'com/Ashokit/entity/Student'
Event: 6614.379 Thread 0x000002266db6ec90 Unloading class 0x0000000100b4aa58 'com/Ashokit/repo/Studentrepo'
Event: 6614.379 Thread 0x000002266db6ec90 Unloading class 0x0000000100b4a800 'com/Ashokit/entity/Counsellor'
Event: 6614.379 Thread 0x000002266db6ec90 Unloading class 0x00000001000c5c20 'com/Ashokit/repo/Counsellorrepo'
Event: 6614.379 Thread 0x000002266db6ec90 Unloading class 0x00000001000c5a00 'com/Ashokit/controller/Counsellorcontroller'
Event: 6614.379 Thread 0x000002266db6ec90 Unloading class 0x00000001000c5800 'com/Ashokit/Miniproject1Application'

Classes redefined (0 events):
No events

Internal exceptions (20 events):
Event: 6615.412 Thread 0x00000226742ee820 Exception <a 'java/lang/NullPointerException'{0x0000000084573320}> (0x0000000084573320) 
thrown [s\src\hotspot\share\runtime\sharedRuntime.cpp, line 628]
Event: 6615.415 Thread 0x00000226729eb210 Exception <a 'java/lang/reflect/InvocationTargetException'{0x0000000084564850}> (0x0000000084564850) 
thrown [s\src\hotspot\share\runtime\reflection.cpp, line 1121]
Event: 6615.449 Thread 0x00000226742ee820 Implicit null exception at 0x000002266513ea27 to 0x000002266513ec45
Event: 6615.449 Thread 0x00000226742ee820 Exception <a 'java/lang/NullPointerException'{0x00000000843e7d00}> (0x00000000843e7d00) 
thrown [s\src\hotspot\share\runtime\sharedRuntime.cpp, line 628]
Event: 6615.484 Thread 0x00000226742ee820 Implicit null exception at 0x000002266513ea27 to 0x000002266513ec45
Event: 6615.484 Thread 0x00000226742ee820 Exception <a 'java/lang/NullPointerException'{0x0000000084180bd0}> (0x0000000084180bd0) 
thrown [s\src\hotspot\share\runtime\sharedRuntime.cpp, line 628]
Event: 6615.520 Thread 0x00000226729eb210 Exception <a 'sun/nio/fs/WindowsException'{0x00000000862432a8}> (0x00000000862432a8) 
thrown [s\src\hotspot\share\prims\jni.cpp, line 516]
Event: 6615.526 Thread 0x00000226742ee820 Implicit null exception at 0x000002266513ea27 to 0x000002266513ec45
Event: 6615.526 Thread 0x00000226742ee820 Exception <a 'java/lang/NullPointerException'{0x000000008629fee8}> (0x000000008629fee8) 
thrown [s\src\hotspot\share\runtime\sharedRuntime.cpp, line 628]
Event: 6615.563 Thread 0x00000226742ee820 Implicit null exception at 0x000002266513ea27 to 0x000002266513ec45
Event: 6615.563 Thread 0x00000226742ee820 Exception <a 'java/lang/NullPointerException'{0x0000000085e1a5d8}> (0x0000000085e1a5d8) 
thrown [s\src\hotspot\share\runtime\sharedRuntime.cpp, line 628]
Event: 6615.599 Thread 0x00000226742ee820 Implicit null exception at 0x000002266513ea27 to 0x000002266513ec45
Event: 6615.599 Thread 0x00000226742ee820 Exception <a 'java/lang/NullPointerException'{0x0000000085c1d700}> (0x0000000085c1d700) 
thrown [s\src\hotspot\share\runtime\sharedRuntime.cpp, line 628]
Event: 6615.639 Thread 0x00000226742ee820 Implicit null exception at 0x000002266513ea27 to 0x000002266513ec45
Event: 6615.639 Thread 0x00000226742ee820 Exception <a 'java/lang/NullPointerException'{0x0000000085996998}> (0x0000000085996998) 
thrown [s\src\hotspot\share\runtime\sharedRuntime.cpp, line 628]
Event: 6915.255 Thread 0x00000226742efc60 Exception <a 'java/io/IOException'{0x0000000084976ff0}> (0x0000000084976ff0) 
thrown [s\src\hotspot\share\prims\jni.cpp, line 516]
Event: 6915.446 Thread 0x00000226742f1fd0 Exception <a 'java/io/IOException'{0x00000000849a48e8}> (0x00000000849a48e8) 
thrown [s\src\hotspot\share\prims\jni.cpp, line 516]
Event: 6915.450 Thread 0x00000226742f1fd0 Exception <a 'java/io/IOException'{0x00000000849aee50}> (0x00000000849aee50) 
thrown [s\src\hotspot\share\prims\jni.cpp, line 516]
Event: 6915.541 Thread 0x00000226742f1fd0 Exception <a 'java/io/IOException'{0x00000000849b1228}> (0x00000000849b1228) 
thrown [s\src\hotspot\share\prims\jni.cpp, line 516]
Event: 6915.544 Thread 0x00000226729e9dd0 Exception <a 'java/lang/InterruptedException'{0x00000000849f7878}: sleep interrupted> (0x00000000849f7878) 
thrown [s\src\hotspot\share\prims\jvm.cpp, line 3070]

VM Operations (20 events):
Event: 6615.411 Executing VM operation: ThreadDump done
Event: 6615.447 Executing VM operation: ThreadDump
Event: 6615.448 Executing VM operation: ThreadDump done
Event: 6615.482 Executing VM operation: ThreadDump
Event: 6615.483 Executing VM operation: ThreadDump done
Event: 6615.495 Executing VM operation: G1CollectForAllocation
Event: 6615.501 Executing VM operation: G1CollectForAllocation done
Event: 6615.524 Executing VM operation: ThreadDump
Event: 6615.525 Executing VM operation: ThreadDump done
Event: 6615.561 Executing VM operation: ThreadDump
Event: 6615.561 Executing VM operation: ThreadDump done
Event: 6615.597 Executing VM operation: ThreadDump
Event: 6615.598 Executing VM operation: ThreadDump done
Event: 6615.637 Executing VM operation: ThreadDump
Event: 6615.637 Executing VM operation: ThreadDump done
Event: 6673.392 Executing VM operation: HandshakeAllThreads
Event: 6673.392 Executing VM operation: HandshakeAllThreads done
Event: 6858.471 Executing VM operation: Cleanup
Event: 6858.471 Executing VM operation: Cleanup done
Event: 6915.544 Executing VM operation: G1CollectFull

Events (20 events):
Event: 6620.672 Thread 0x00000226742ee820 Thread exited: 0x00000226742ee820
Event: 6675.663 Thread 0x00000226742f1fd0 Thread exited: 0x00000226742f1fd0
Event: 6915.255 Thread 0x00000226742f1fd0 Thread added: 0x00000226742f1fd0
Event: 6915.256 Thread 0x00000226742efc60 Thread exited: 0x00000226742efc60
Event: 6915.439 Thread 0x00000226742f0680 Thread exited: 0x00000226742f0680
Event: 6915.440 Thread 0x00000226742ed3e0 Thread exited: 0x00000226742ed3e0
Event: 6915.440 Thread 0x00000226742f10a0 Thread exited: 0x00000226742f10a0
Event: 6915.440 Thread 0x00000226742ec4b0 Thread exited: 0x00000226742ec4b0
Event: 6915.441 Thread 0x00000226742f24e0 Thread exited: 0x00000226742f24e0
Event: 6915.441 Thread 0x00000226742ee310 Thread exited: 0x00000226742ee310
Event: 6915.441 Thread 0x00000226742ec9c0 Thread exited: 0x00000226742ec9c0
Event: 6915.441 Thread 0x00000226742ef240 Thread exited: 0x00000226742ef240
Event: 6915.442 Thread 0x00000226742ede00 Thread exited: 0x00000226742ede00
Event: 6915.442 Thread 0x00000226742f15b0 Thread exited: 0x00000226742f15b0
Event: 6915.442 Thread 0x00000226742f1ac0 Thread exited: 0x00000226742f1ac0
Event: 6915.442 Thread 0x00000226742f0170 Thread exited: 0x00000226742f0170
Event: 6915.451 Thread 0x00000226742f0170 Thread added: 0x00000226742f0170
Event: 6915.453 Thread 0x00000226729ea2e0 Thread exited: 0x00000226729ea2e0
Event: 6915.540 Thread 0x00000226742f0170 Thread exited: 0x00000226742f0170
Event: 6915.544 Thread 0x00000226729e9dd0 Thread exited: 0x00000226729e9dd0


Dynamic libraries:
0x00007ff638dc0000 - 0x00007ff638dce000 	F:\STS soft SpringBoot\sts-4.20.1.RELEASE\plugins\org.eclipse.justj.openjdk.hotspot.jre.full.win32.x86_64_17.0.8.v20230831-1047\jre\bin\javaw.exe
0x00007ff867c80000 - 0x00007ff867e6d000 	C:\Windows\SYSTEM32\ntdll.dll
0x00007ff865f40000 - 0x00007ff865ff3000 	C:\Windows\System32\KERNEL32.DLL
0x00007ff863d50000 - 0x00007ff863fe3000 	C:\Windows\System32\KERNELBASE.dll
0x00007ff864bf0000 - 0x00007ff864cea000 	C:\Windows\System32\ucrtbase.dll
0x00007ff836f20000 - 0x00007ff836f37000 	F:\STS soft SpringBoot\sts-4.20.1.RELEASE\plugins\org.eclipse.justj.openjdk.hotspot.jre.full.win32.x86_64_17.0.8.v20230831-1047\jre\bin\jli.dll
0x00007ff865360000 - 0x00007ff8654f7000 	C:\Windows\System32\USER32.dll
0x00007ff864cf0000 - 0x00007ff864d10000 	C:\Windows\System32\win32u.dll
0x00007ff867890000 - 0x00007ff8678b9000 	C:\Windows\System32\GDI32.dll
0x00007ff864d10000 - 0x00007ff864eaa000 	C:\Windows\System32\gdi32full.dll
0x00007ff864070000 - 0x00007ff864110000 	C:\Windows\System32\msvcp_win.dll
0x00007ff836920000 - 0x00007ff836939000 	F:\STS soft SpringBoot\sts-4.20.1.RELEASE\plugins\org.eclipse.justj.openjdk.hotspot.jre.full.win32.x86_64_17.0.8.v20230831-1047\jre\bin\VCRUNTIME140.dll
0x00007ff8516b0000 - 0x00007ff851929000 	C:\Windows\WinSxS\amd64_microsoft.windows.common-controls_6595b64144ccf1df_6.0.17763.349_none_05b83c54071c93ae\COMCTL32.dll
0x00007ff8652c0000 - 0x00007ff86535e000 	C:\Windows\System32\msvcrt.dll
0x00007ff865520000 - 0x00007ff86584d000 	C:\Windows\System32\combase.dll
0x00007ff865930000 - 0x00007ff865a52000 	C:\Windows\System32\RPCRT4.dll
0x00007ff864990000 - 0x00007ff864a0e000 	C:\Windows\System32\bcryptPrimitives.dll
0x00007ff867730000 - 0x00007ff86775e000 	C:\Windows\System32\IMM32.DLL
0x00007ff84dc90000 - 0x00007ff84dc9c000 	F:\STS soft SpringBoot\sts-4.20.1.RELEASE\plugins\org.eclipse.justj.openjdk.hotspot.jre.full.win32.x86_64_17.0.8.v20230831-1047\jre\bin\vcruntime140_1.dll
0x00007ff816d70000 - 0x00007ff816e01000 	F:\STS soft SpringBoot\sts-4.20.1.RELEASE\plugins\org.eclipse.justj.openjdk.hotspot.jre.full.win32.x86_64_17.0.8.v20230831-1047\jre\bin\msvcp140.dll
0x00007ff81b460000 - 0x00007ff81c0ac000 	F:\STS soft SpringBoot\sts-4.20.1.RELEASE\plugins\org.eclipse.justj.openjdk.hotspot.jre.full.win32.x86_64_17.0.8.v20230831-1047\jre\bin\server\jvm.dll
0x00007ff867af0000 - 0x00007ff867b93000 	C:\Windows\System32\ADVAPI32.dll
0x00007ff864eb0000 - 0x00007ff864f4e000 	C:\Windows\System32\sechost.dll
0x00007ff863ca0000 - 0x00007ff863cfd000 	C:\Windows\System32\POWRPROF.dll
0x00007ff84dfc0000 - 0x00007ff84dfc9000 	C:\Windows\SYSTEM32\WSOCK32.dll
0x00007ff867a80000 - 0x00007ff867aed000 	C:\Windows\System32\WS2_32.dll
0x00007ff8616e0000 - 0x00007ff861704000 	C:\Windows\SYSTEM32\WINMM.dll
0x00007ff85f010000 - 0x00007ff85f01a000 	C:\Windows\SYSTEM32\VERSION.dll
0x00007ff861640000 - 0x00007ff86166d000 	C:\Windows\SYSTEM32\WINMMBASE.dll
0x00007ff864020000 - 0x00007ff86406a000 	C:\Windows\System32\cfgmgr32.dll
0x00007ff863c80000 - 0x00007ff863c91000 	C:\Windows\System32\kernel.appcore.dll
0x00007ff85d5c0000 - 0x00007ff85d5ca000 	F:\STS soft SpringBoot\sts-4.20.1.RELEASE\plugins\org.eclipse.justj.openjdk.hotspot.jre.full.win32.x86_64_17.0.8.v20230831-1047\jre\bin\jimage.dll
0x00007ff862680000 - 0x00007ff86286d000 	C:\Windows\SYSTEM32\DBGHELP.DLL
0x00007ff85c810000 - 0x00007ff85c83a000 	C:\Windows\SYSTEM32\dbgcore.DLL
0x00007ff83b5e0000 - 0x00007ff83b605000 	F:\STS soft SpringBoot\sts-4.20.1.RELEASE\plugins\org.eclipse.justj.openjdk.hotspot.jre.full.win32.x86_64_17.0.8.v20230831-1047\jre\bin\java.dll
0x00007ff84a5a0000 - 0x00007ff84a5b8000 	F:\STS soft SpringBoot\sts-4.20.1.RELEASE\plugins\org.eclipse.justj.openjdk.hotspot.jre.full.win32.x86_64_17.0.8.v20230831-1047\jre\bin\zip.dll
0x00007ff8660d0000 - 0x00007ff8675c0000 	C:\Windows\System32\SHELL32.dll
0x00007ff867ba0000 - 0x00007ff867c48000 	C:\Windows\System32\shcore.dll
0x00007ff8641c0000 - 0x00007ff86490a000 	C:\Windows\System32\windows.storage.dll
0x00007ff863d20000 - 0x00007ff863d44000 	C:\Windows\System32\profapi.dll
0x00007ff865080000 - 0x00007ff8650d2000 	C:\Windows\System32\shlwapi.dll
0x00007ff864910000 - 0x00007ff864927000 	C:\Windows\System32\cryptsp.dll
0x00007ff849c90000 - 0x00007ff849ca9000 	F:\STS soft SpringBoot\sts-4.20.1.RELEASE\plugins\org.eclipse.justj.openjdk.hotspot.jre.full.win32.x86_64_17.0.8.v20230831-1047\jre\bin\net.dll
0x00007ff85e7f0000 - 0x00007ff85e8e1000 	C:\Windows\SYSTEM32\WINHTTP.dll
0x00007ff8634a0000 - 0x00007ff863507000 	C:\Windows\system32\mswsock.dll
0x00007ff848280000 - 0x00007ff848295000 	F:\STS soft SpringBoot\sts-4.20.1.RELEASE\plugins\org.eclipse.justj.openjdk.hotspot.jre.full.win32.x86_64_17.0.8.v20230831-1047\jre\bin\nio.dll
0x00007ff84d310000 - 0x00007ff84d319000 	F:\STS soft SpringBoot\sts-4.20.1.RELEASE\plugins\org.eclipse.justj.openjdk.hotspot.jre.full.win32.x86_64_17.0.8.v20230831-1047\jre\bin\management.dll
0x00007ff84cd60000 - 0x00007ff84cd6b000 	F:\STS soft SpringBoot\sts-4.20.1.RELEASE\plugins\org.eclipse.justj.openjdk.hotspot.jre.full.win32.x86_64_17.0.8.v20230831-1047\jre\bin\management_ext.dll
0x00007ff865510000 - 0x00007ff865518000 	C:\Windows\System32\PSAPI.DLL
0x00007ff854be0000 - 0x00007ff854bf6000 	C:\Windows\system32\napinsp.dll
0x00007ff854b60000 - 0x00007ff854b7a000 	C:\Windows\system32\pnrpnsp.dll
0x00007ff863240000 - 0x00007ff863306000 	C:\Windows\SYSTEM32\DNSAPI.dll
0x00007ff867a70000 - 0x00007ff867a78000 	C:\Windows\System32\NSI.dll
0x00007ff863200000 - 0x00007ff86323d000 	C:\Windows\SYSTEM32\IPHLPAPI.DLL
0x00007ff85fe50000 - 0x00007ff85fe5e000 	C:\Windows\System32\winrnr.dll
0x00007ff85fda0000 - 0x00007ff85fdbb000 	C:\Windows\system32\NLAapi.dll
0x00007ff85d2b0000 - 0x00007ff85d2c5000 	C:\Windows\system32\wshbth.dll
0x0000000057c50000 - 0x0000000057c76000 	C:\Program Files\Bonjour\mdnsNSP.dll
0x00007ff853590000 - 0x00007ff85359a000 	C:\Windows\System32\rasadhlp.dll
0x00007ff8545f0000 - 0x00007ff854669000 	C:\Windows\System32\fwpuclnt.dll
0x00007ff863ff0000 - 0x00007ff864016000 	C:\Windows\System32\bcrypt.dll
0x00007ff863060000 - 0x00007ff863093000 	C:\Windows\system32\rsaenh.dll
0x00007ff863bb0000 - 0x00007ff863bd8000 	C:\Windows\SYSTEM32\USERENV.dll
0x00007ff863670000 - 0x00007ff86367c000 	C:\Windows\SYSTEM32\CRYPTBASE.dll
0x00007ff85e010000 - 0x00007ff85e026000 	C:\Windows\SYSTEM32\dhcpcsvc6.DLL
0x00007ff85de60000 - 0x00007ff85de7c000 	C:\Windows\SYSTEM32\dhcpcsvc.DLL
0x00007ff84df00000 - 0x00007ff84df0e000 	F:\STS soft SpringBoot\sts-4.20.1.RELEASE\plugins\org.eclipse.justj.openjdk.hotspot.jre.full.win32.x86_64_17.0.8.v20230831-1047\jre\bin\sunmscapi.dll
0x00007ff864a10000 - 0x00007ff864beb000 	C:\Windows\System32\CRYPT32.dll
0x00007ff863d00000 - 0x00007ff863d12000 	C:\Windows\System32\MSASN1.dll
0x00007ff863770000 - 0x00007ff863796000 	C:\Windows\SYSTEM32\ncrypt.dll
0x00007ff863730000 - 0x00007ff86376c000 	C:\Windows\SYSTEM32\NTASN1.dll
0x00007ff8502c0000 - 0x00007ff8502d0000 	F:\STS soft SpringBoot\sts-4.20.1.RELEASE\plugins\org.eclipse.justj.openjdk.hotspot.jre.full.win32.x86_64_17.0.8.v20230831-1047\jre\bin\verify.dll
0x00007ff849d20000 - 0x00007ff849d27000 	C:\Windows\system32\wshunix.dll

dbghelp: loaded successfully - version: 4.0.5 - missing functions: none
symbol engine: initialized successfully - sym options: 0x614 - pdb path: .;F:\STS soft SpringBoot\sts-4.20.1.RELEASE\plugins\org.eclipse.justj.openjdk.hotspot.jre.full.win32.x86_64_17.0.8.v20230831-1047\jre\bin;C:\Windows\SYSTEM32;C:\Windows\WinSxS\amd64_microsoft.windows.common-controls_6595b64144ccf1df_6.0.17763.349_none_05b83c54071c93ae;F:\STS soft SpringBoot\sts-4.20.1.RELEASE\plugins\org.eclipse.justj.openjdk.hotspot.jre.full.win32.x86_64_17.0.8.v20230831-1047\jre\bin\server;C:\Program Files\Bonjour

VM Arguments:
jvm_args: -Dcom.sun.management.jmxremote -Dcom.sun.management.jmxremote.port=61939 -Dcom.sun.management.jmxremote.authenticate=false -Dcom.sun.management.jmxremote.ssl=false -Djava.rmi.server.hostname=localhost -Dspring.jmx.enabled=true -Dmanagement.endpoints.jmx.exposure.include=* -Dspring.application.admin.enabled=true -XX:TieredStopAtLevel=1 -Dspring.boot.project.name=Miniproject1 -Dfile.encoding=UTF-8 -Dstdout.encoding=UTF-8 -Dstderr.encoding=UTF-8 -XX:+ShowCodeDetailsInExceptionMessages 
java_command: com.Ashokit.Miniproject1Application --spring.output.ansi.enabled=always
java_class_path (initial): F:\JavaRealTimeProjects\Miniproject1\target\classes;C:\Users\Hp\.m2\repository\org\springframework\boot\spring-boot-starter-data-jpa\3.2.1\spring-boot-starter-data-jpa-3.2.1.jar;C:\Users\Hp\.m2\repository\org\springframework\boot\spring-boot-starter-aop\3.2.1\spring-boot-starter-aop-3.2.1.jar;C:\Users\Hp\.m2\repository\org\springframework\spring-aop\6.1.2\spring-aop-6.1.2.jar;C:\Users\Hp\.m2\repository\org\aspectj\aspectjweaver\1.9.21\aspectjweaver-1.9.21.jar;C:\Users\Hp\.m2\repository\org\springframework\boot\spring-boot-starter-jdbc\3.2.1\spring-boot-starter-jdbc-3.2.1.jar;C:\Users\Hp\.m2\repository\com\zaxxer\HikariCP\5.0.1\HikariCP-5.0.1.jar;C:\Users\Hp\.m2\repository\org\springframework\spring-jdbc\6.1.2\spring-jdbc-6.1.2.jar;C:\Users\Hp\.m2\repository\org\hibernate\orm\hibernate-core\6.4.1.Final\hibernate-core-6.4.1.Final.jar;C:\Users\Hp\.m2\repository\jakarta\persistence\jakarta.persistence-api\3.1.0\jakarta.persistence-api-3.1.0.jar;C:\Users\Hp\.m2\repository\jakarta\transaction\jakarta.transaction-api\2.0.1\jakarta.transaction-api-2.0.1.jar;C:\Users\Hp\.m2\repository\org\jboss\logging\jboss-logging\3.5.3.Final\jboss-logging-3.5.3.Final.jar;C:\Users\Hp\.m2\repository\org\hibernate\common\hibernate-commons-annotations\6.0.6.Final\hibernate-commons-annotations-6.0.6.Final.jar;C:\Users\Hp\.m2\repository\io\smallrye\jandex\3.1.2\jandex-3.1.2.jar;C:\Users\Hp\.m2\repository\com\fasterxml\classmate\1.6.0\classmate-1.6.0.jar;C:\Users\Hp\.m2\repository\net\bytebuddy\byte-buddy\1.14.10\byte-buddy-1.14.10.jar;C:\Users\Hp\.m2\repository\org\glassfish\jaxb\jaxb-runtime\4.0.4\jaxb-runtime-4.0.4.jar;C:\Users\Hp\.m2\repository\org\glassfish\jaxb\jaxb-core\4.0.4\jaxb-core-4.0.4.jar;C:\Users\Hp\.m2\repository\org\glassfish\jaxb\txw2\4.0.4\txw2-4.0.4.jar;C:\Users\Hp\.m2\repository\com\sun\istack\istack-commons-runtime\4.1.2\istack-commons-runtime-4.1.2.jar;C:\Users\Hp\.m2\repository\jakarta\inject\jakarta.inject-api\2.0.1\jakarta.inject-api-2.0.1.j
Launcher Type: SUN_STANDARD

[Global flags]
     intx CICompilerCount                          = 3                                         {product} {ergonomic}
     uint ConcGCThreads                            = 1                                         {product} {ergonomic}
     uint G1ConcRefinementThreads                  = 4                                         {product} {ergonomic}
   size_t G1HeapRegionSize                         = 1048576                                   {product} {ergonomic}
    uintx GCDrainStackTargetSize                   = 64                                        {product} {ergonomic}
   size_t InitialHeapSize                          = 134217728                                 {product} {ergonomic}
     bool ManagementServer                         = true                                      {product} {command line}
   size_t MarkStackSize                            = 4194304                                   {product} {ergonomic}
   size_t MaxHeapSize                              = 2126512128                                {product} {ergonomic}
   size_t MaxNewSize                               = 1275068416                                {product} {ergonomic}
   size_t MinHeapDeltaBytes                        = 1048576                                   {product} {ergonomic}
   size_t MinHeapSize                              = 8388608                                   {product} {ergonomic}
    uintx NonProfiledCodeHeapSize                  = 0                                      {pd product} {ergonomic}
     bool ProfileInterpreter                       = false                                  {pd product} {command line}
    uintx ProfiledCodeHeapSize                     = 0                                      {pd product} {ergonomic}
     bool ShowCodeDetailsInExceptionMessages       = true                                   {manageable} {command line}
   size_t SoftMaxHeapSize                          = 2126512128                             {manageable} {ergonomic}
     intx TieredStopAtLevel                        = 1                                         {product} {command line}
     bool UseCompressedClassPointers               = true                           {product lp64_product} {ergonomic}
     bool UseCompressedOops                        = true                           {product lp64_product} {ergonomic}
     bool UseG1GC                                  = true                                      {product} {ergonomic}
     bool UseLargePagesIndividualAllocation        = false                                  {pd product} {ergonomic}

Logging:
Log output configuration:
 #0: stdout all=warning uptime,level,tags
 #1: stderr all=off uptime,level,tags

Environment Variables:
JAVA_HOME=C:\Users\Hp\AppData\Local\Programs\Eclipse Adoptium\jdk-17.0.7.7-hotspot\
PATH=F:/STS soft SpringBoot/sts-4.20.1.RELEASE//plugins/org.eclipse.justj.openjdk.hotspot.jre.full.win32.x86_64_17.0.8.v20230831-1047/jre/bin/server;F:/STS soft SpringBoot/sts-4.20.1.RELEASE//plugins/org.eclipse.justj.openjdk.hotspot.jre.full.win32.x86_64_17.0.8.v20230831-1047/jre/bin;C:\oraclexe\app\oracle\product\10.2.0\server\bin;C:\Program Files\Java\jdk-20\bin;C:\Program Files\nodejs\;C:\Program Files\Git\cmd;C:\Program Files\MySQL\MySQL Shell 8.0\bin\;C:\Users\Hp\AppData\Local\Programs\Eclipse Adoptium\jdk-17.0.7.7-hotspot\bin;C:\Users\Hp\AppData\Local\Microsoft\WindowsApps;C:\Users\Hp\AppData\Local\Programs\Microsoft VS Code\bin;C:\Users\Hp\AppData\Roaming\npm;F:\STS soft SpringBoot\sts-4.20.1.RELEASE;
USERNAME=Hp
OS=Windows_NT
PROCESSOR_IDENTIFIER=Intel64 Family 6 Model 142 Stepping 9, GenuineIntel
TMP=C:\Users\Hp\AppData\Local\Temp
TEMP=C:\Users\Hp\AppData\Local\Temp



---------------  S Y S T E M  ---------------

OS:
 Windows 10 , 64 bit Build 17763 (10.0.17763.292)
OS uptime: 0 days 8:40 hours

CPU: total 4 (initial active 4) (2 cores per cpu, 2 threads per core) family 6 model 142 stepping 9 microcode 0x8e, cx8, cmov, fxsr, ht, mmx, 3dnowpref, sse, sse2, sse3, ssse3, sse4.1, sse4.2, popcnt, lzcnt, tsc, tscinvbit, avx, avx2, aes, erms, clmul, bmi1, bmi2, adx, fma, vzeroupper, clflush, clflushopt
Processor Information for all 4 processors :
  Max Mhz: 2300, Current Mhz: 2300, Mhz Limit: 2300

Memory: 4k page, system-wide physical 8107M (3326M free)
TotalPageFile size 11819M (AvailPageFile size 5194M)
current process WorkingSet (physical memory assigned to process): 264M, peak: 271M
current process commit charge ("private bytes"): 298M, peak: 346M

vm_info: OpenJDK 64-Bit Server VM (17.0.8.1+1) for windows-amd64 JRE (17.0.8.1+1), built on Aug 23 2023 15:29:17 by "admin" with MS VC++ 16.7 (VS2019)

END.
